nohup: ignoring input
API listening on http://localhost:4000
[0mGET /api/health [32m200[0m 9.299 ms - 15[0m
[0mGET /api/projects?page=1&limit=10&search=&sortBy=createdAt&sortOrder=desc [33m401[0m 39.659 ms - 36[0m
[0mPOST /api/auth/logout [32m200[0m 629.970 ms - 37[0m
[0mPOST /api/auth/login [32m200[0m 698.235 ms - 745[0m
[0mGET /api/projects?page=1&limit=10&search=&sortBy=createdAt&sortOrder=desc [36m304[0m 793.867 ms - -[0m
[0mGET /api/projects?limit=100 [32m200[0m 220.381 ms - 2957[0m
[0mPOST /api/auth/login [33m401[0m 149.990 ms - 37[0m
[0mGET /api/projects/f65d47dc-86e5-43e4-b8df-c54de105954a/tasks?page=1&limit=10&search=&sortBy=createdAt&sortOrder=desc [32m200[0m 295.772 ms - 112[0m
[0mGET /api/projects/f65d47dc-86e5-43e4-b8df-c54de105954a/tasks?page=1&limit=10&search=&sortBy=createdAt&sortOrder=desc [36m304[0m 103.334 ms - -[0m
[0mGET /api/projects?limit=100 [36m304[0m 161.773 ms - -[0m
[0mGET /api/projects/f65d47dc-86e5-43e4-b8df-c54de105954a/tasks?page=1&limit=10&search=&sortBy=createdAt&sortOrder=desc [36m304[0m 44.850 ms - -[0m
[0mGET /api/projects?limit=100 [32m200[0m 159.451 ms - 2957[0m
[0mGET /api/projects/9d6a6b45-1554-4c82-9bf8-47cbba32a9c0/tasks?page=1&limit=10&search=&sortBy=createdAt&sortOrder=desc [32m200[0m 25.821 ms - 112[0m
[0mGET /api/projects/3ee8e5f6-0a6d-49e8-9c8f-ae82397a4aa3/tasks?page=1&limit=10&search=&sortBy=createdAt&sortOrder=desc [32m200[0m 46.279 ms - 112[0m
[0mGET /api/projects/47234cab-05db-4db9-a14d-6be2d8400cb6/tasks?page=1&limit=10&search=&sortBy=createdAt&sortOrder=desc [32m200[0m 72.557 ms - 2329[0m
[0mGET /api/projects?limit=100 [36m304[0m 83.250 ms - -[0m
[0mGET /api/projects/47234cab-05db-4db9-a14d-6be2d8400cb6/tasks?page=1&limit=10&search=&sortBy=createdAt&sortOrder=desc [36m304[0m 72.522 ms - -[0m
[0mGET /api/projects?limit=100 [36m304[0m 225.777 ms - -[0m
[0mGET /api/projects/47234cab-05db-4db9-a14d-6be2d8400cb6/tasks?page=1&limit=10&search=&sortBy=createdAt&sortOrder=desc [36m304[0m 260.200 ms - -[0m
[0mGET /api/projects?page=1&limit=10&search=&sortBy=createdAt&sortOrder=desc [32m200[0m 42.183 ms - 2956[0m
[0mGET /api/projects?limit=100 [36m304[0m 69.714 ms - -[0m
[0mGET /api/projects/9d6a6b45-1554-4c82-9bf8-47cbba32a9c0/tasks?page=1&limit=10&search=&sortBy=createdAt&sortOrder=desc [36m304[0m 82.475 ms - -[0m
[0mGET /api/projects/9d6a6b45-1554-4c82-9bf8-47cbba32a9c0/tasks?page=1&limit=10&search=&sortBy=createdAt&sortOrder=desc [36m304[0m 144.160 ms - -[0m
[0mGET /api/projects?limit=100 [36m304[0m 141.624 ms - -[0m
[0mGET /api/projects?limit=100 [36m304[0m 262.164 ms - -[0m
[0mGET /api/projects/9d6a6b45-1554-4c82-9bf8-47cbba32a9c0/tasks?page=1&limit=10&search=&sortBy=createdAt&sortOrder=desc [36m304[0m 382.385 ms - -[0m
[0mGET /api/projects/9d6a6b45-1554-4c82-9bf8-47cbba32a9c0/tasks?page=1&limit=10&search=&sortBy=createdAt&sortOrder=desc [33m401[0m 3.298 ms - 36[0m
[0mGET /api/projects?limit=100 [33m401[0m 3.659 ms - 36[0m
[0mPOST /api/auth/logout [32m200[0m 133.581 ms - 37[0m
[0mPOST /api/auth/login [32m200[0m 225.904 ms - 745[0m
[0mGET /api/projects?limit=100 [36m304[0m 161.165 ms - -[0m
[0mGET /api/projects/47234cab-05db-4db9-a14d-6be2d8400cb6/tasks?page=1&limit=10&search=&sortBy=createdAt&sortOrder=desc [36m304[0m 147.683 ms - -[0m
[0mGET /api/tasks/d4b61f9f-f866-4eea-b2d4-73f4e8ca2385 [32m200[0m 34.788 ms - 689[0m
[0mGET /api/projects/47234cab-05db-4db9-a14d-6be2d8400cb6/members [32m200[0m 25.533 ms - 362[0m
[0mGET /api/projects?limit=100 [36m304[0m 42.742 ms - -[0m
[0mGET /api/projects/47234cab-05db-4db9-a14d-6be2d8400cb6/tasks?page=1&limit=10&search=&sortBy=createdAt&sortOrder=desc [36m304[0m 78.617 ms - -[0m
[0mGET /api/tasks/d4b61f9f-f866-4eea-b2d4-73f4e8ca2385 [36m304[0m 35.991 ms - -[0m
[0mGET /api/projects/47234cab-05db-4db9-a14d-6be2d8400cb6/members [36m304[0m 21.204 ms - -[0m
[0mGET /api/projects?limit=100 [36m304[0m 165.955 ms - -[0m
[0mGET /api/projects/47234cab-05db-4db9-a14d-6be2d8400cb6/tasks?page=1&limit=10&search=&sortBy=createdAt&sortOrder=desc [36m304[0m 123.941 ms - -[0m
[0mGET /api/projects/47234cab-05db-4db9-a14d-6be2d8400cb6/members [36m304[0m 38.921 ms - -[0m
[0mGET /api/projects/47234cab-05db-4db9-a14d-6be2d8400cb6 [32m200[0m 62.246 ms - 1791[0m
[0mGET /api/projects?limit=100 [36m304[0m 57.414 ms - -[0m
[0mGET /api/projects/47234cab-05db-4db9-a14d-6be2d8400cb6/tasks?page=1&limit=10&search=&sortBy=createdAt&sortOrder=desc [36m304[0m 96.306 ms - -[0m
[0mGET /api/tasks/d4b61f9f-f866-4eea-b2d4-73f4e8ca2385 [36m304[0m 45.836 ms - -[0m
[0mGET /api/projects/47234cab-05db-4db9-a14d-6be2d8400cb6/members [36m304[0m 11.166 ms - -[0m
[0mGET /api/projects?limit=100 [36m304[0m 94.504 ms - -[0m
[0mGET /api/projects/47234cab-05db-4db9-a14d-6be2d8400cb6/tasks?page=1&limit=10&search=&sortBy=createdAt&sortOrder=desc [36m304[0m 149.672 ms - -[0m
[0mGET /api/tasks/ac844530-cdb8-4c3a-a2f2-52f55869944b [32m200[0m 31.322 ms - 886[0m
[0mGET /api/projects/47234cab-05db-4db9-a14d-6be2d8400cb6/members [36m304[0m 15.170 ms - -[0m
[0mPUT /api/tasks/ac844530-cdb8-4c3a-a2f2-52f55869944b [33m400[0m 33.502 ms - 254[0m
[0mPUT /api/tasks/ac844530-cdb8-4c3a-a2f2-52f55869944b/assign [32m200[0m 119.592 ms - 788[0m
[0mGET /api/tasks/ac844530-cdb8-4c3a-a2f2-52f55869944b [36m304[0m 62.659 ms - -[0m
[0mGET /api/projects/47234cab-05db-4db9-a14d-6be2d8400cb6/members [36m304[0m 169.787 ms - -[0m
[0mPUT /api/tasks/ac844530-cdb8-4c3a-a2f2-52f55869944b [33m400[0m 19.750 ms - 254[0m
[0mGET /api/projects/47234cab-05db-4db9-a14d-6be2d8400cb6/tasks?page=1&limit=10&search=&sortBy=createdAt&sortOrder=desc [36m304[0m 94.547 ms - -[0m
[0mGET /api/projects?limit=100 [36m304[0m 200.546 ms - -[0m
[0mGET /api/tasks/45e9d47a-cd71-472d-a8c7-4450a14d464c [32m200[0m 24.978 ms - 739[0m
[0mGET /api/projects/47234cab-05db-4db9-a14d-6be2d8400cb6/members [36m304[0m 70.047 ms - -[0m
[0mGET /api/projects?limit=100 [36m304[0m 33.191 ms - -[0m
[0mGET /api/projects/47234cab-05db-4db9-a14d-6be2d8400cb6/tasks?page=1&limit=10&search=&sortBy=createdAt&sortOrder=desc [36m304[0m 48.747 ms - -[0m
[0mGET /api/tasks/45e9d47a-cd71-472d-a8c7-4450a14d464c [36m304[0m 20.216 ms - -[0m
[0mGET /api/projects/47234cab-05db-4db9-a14d-6be2d8400cb6/members [36m304[0m 30.658 ms - -[0m
[0mGET /api/projects?limit=100 [36m304[0m 29.024 ms - -[0m
[0mGET /api/projects/47234cab-05db-4db9-a14d-6be2d8400cb6/tasks?page=1&limit=10&search=&sortBy=createdAt&sortOrder=desc [36m304[0m 31.148 ms - -[0m
[0mGET /api/projects/47234cab-05db-4db9-a14d-6be2d8400cb6/members [36m304[0m 115.873 ms - -[0m
[0mGET /api/projects/47234cab-05db-4db9-a14d-6be2d8400cb6 [36m304[0m 293.630 ms - -[0m
[0mGET /api/projects?limit=100 [36m304[0m 30.831 ms - -[0m
[0mGET /api/projects/47234cab-05db-4db9-a14d-6be2d8400cb6/tasks?page=1&limit=10&search=&sortBy=createdAt&sortOrder=desc [36m304[0m 39.488 ms - -[0m
[0mGET /api/tasks/ac844530-cdb8-4c3a-a2f2-52f55869944b [36m304[0m 179.895 ms - -[0m
[0mGET /api/projects/47234cab-05db-4db9-a14d-6be2d8400cb6/members [36m304[0m 21.971 ms - -[0m
[0mGET /api/projects?limit=100 [36m304[0m 27.655 ms - -[0m
[0mGET /api/projects/47234cab-05db-4db9-a14d-6be2d8400cb6/tasks?page=1&limit=10&search=&sortBy=createdAt&sortOrder=desc [36m304[0m 78.373 ms - -[0m
